\BOOKMARK [1][-]{section.1}{\376\377\000E\000i\000n\000f\000\374\000h\000r\000u\000n\000g}{}% 1
\BOOKMARK [1][-]{section.2}{\376\377\000T\000e\000c\000h\000n\000i\000s\000c\000h\000e\000\040\000G\000r\000u\000n\000d\000l\000a\000g\000e\000n\000\040\000d\000e\000r\000\040\000A\000u\000g\000m\000e\000n\000t\000e\000d\000\040\000R\000e\000a\000l\000i\000t\000y}{}% 2
\BOOKMARK [2][-]{subsection.2.1}{\376\377\000S\000e\000n\000s\000o\000r\000e\000n\000\040\000u\000n\000d\000\040\000E\000r\000f\000a\000s\000s\000u\000n\000g\000s\000t\000e\000c\000h\000n\000o\000l\000o\000g\000i\000e\000n}{section.2}% 3
\BOOKMARK [2][-]{subsection.2.2}{\376\377\000D\000a\000t\000e\000n\000v\000e\000r\000a\000r\000b\000e\000i\000t\000u\000n\000g\000\040\000u\000n\000d\000\040\000-\000d\000a\000r\000s\000t\000e\000l\000l\000u\000n\000g}{section.2}% 4
\BOOKMARK [2][-]{subsection.2.3}{\376\377\000B\000e\000n\000u\000t\000z\000e\000r\000s\000c\000h\000n\000i\000t\000t\000s\000t\000e\000l\000l\000e\000n\000\040\000u\000n\000d\000\040\000I\000n\000t\000e\000r\000a\000k\000t\000i\000o\000n}{section.2}% 5
\BOOKMARK [1][-]{section.3}{\376\377\000A\000R\000\040\000i\000n\000\040\000d\000e\000r\000\040\000I\000n\000d\000u\000s\000t\000r\000i\000e\000:\000\040\000S\000t\000a\000n\000d\000\040\000d\000e\000r\000\040\000T\000e\000c\000h\000n\000i\000k}{}% 6
\BOOKMARK [1][-]{section.4}{\376\377\000P\000o\000t\000e\000n\000z\000i\000a\000l\000\040\000v\000o\000n\000\040\000A\000R\000\040\000f\000\374\000r\000\040\000n\000e\000u\000e\000\040\000G\000e\000s\000c\000h\000\344\000f\000t\000s\000m\000o\000d\000e\000l\000l\000e}{}% 7
\BOOKMARK [2][-]{subsection.4.1}{\376\377\000K\000o\000s\000t\000e\000n\000e\000f\000f\000i\000z\000i\000e\000n\000z\000\040\000d\000u\000r\000c\000h\000\040\000A\000R}{section.4}% 8
\BOOKMARK [2][-]{subsection.4.2}{\376\377\000E\000f\000f\000e\000k\000t\000i\000v\000i\000t\000\344\000t\000\040\000v\000o\000n\000\040\000A\000r\000b\000e\000i\000t\000s\000p\000r\000o\000z\000e\000s\000s\000e\000n\000\040\000d\000u\000r\000c\000h\000\040\000A\000R}{section.4}% 9
\BOOKMARK [2][-]{subsection.4.3}{\376\377\000A\000R\000\040\000a\000l\000s\000\040\000G\000r\000u\000n\000d\000l\000a\000g\000e\000\040\000f\000\374\000r\000\040\000n\000e\000u\000e\000\040\000P\000r\000o\000d\000u\000k\000t\000e\000\040\000u\000n\000d\000\040\000S\000e\000r\000v\000i\000c\000e\000s}{section.4}% 10
\BOOKMARK [2][-]{subsection.4.4}{\376\377\000P\000e\000r\000s\000o\000n\000a\000l\000i\000s\000i\000e\000r\000t\000e\000\040\000P\000r\000o\000d\000u\000k\000t\000a\000n\000p\000a\000s\000s\000u\000n\000g}{section.4}% 11
\BOOKMARK [2][-]{subsection.4.5}{\376\377\000D\000a\000t\000e\000n\000a\000n\000a\000l\000y\000s\000e\000\040\000u\000n\000d\000\040\000P\000r\000e\000d\000i\000c\000t\000i\000v\000e\000\040\000M\000a\000i\000n\000t\000e\000n\000a\000n\000c\000e}{section.4}% 12
\BOOKMARK [1][-]{section.5}{\376\377\000P\000r\000a\000x\000i\000s\000b\000e\000i\000s\000p\000i\000e\000l\000e\000\040\000f\000\374\000r\000\040\000A\000R\000-\000g\000e\000s\000t\000\374\000t\000z\000t\000e\000\040\000G\000e\000s\000c\000h\000\344\000f\000t\000s\000m\000o\000d\000e\000l\000l\000e\000\040\000i\000n\000\040\000d\000e\000r\000\040\000I\000n\000d\000u\000s\000t\000r\000i\000e\000\040}{}% 13
\BOOKMARK [2][-]{subsection.5.1}{\376\377\000W\000a\000r\000t\000u\000n\000g\000\040\000u\000n\000d\000\040\000I\000n\000s\000t\000a\000n\000d\000h\000a\000l\000t\000u\000n\000g}{section.5}% 14
\BOOKMARK [2][-]{subsection.5.2}{\376\377\000S\000c\000h\000u\000l\000u\000n\000g\000\040\000u\000n\000d\000\040\000T\000r\000a\000i\000n\000i\000n\000g}{section.5}% 15
\BOOKMARK [2][-]{subsection.5.3}{\376\377\000Q\000u\000a\000l\000i\000t\000\344\000t\000s\000k\000o\000n\000t\000r\000o\000l\000l\000e\000\040\000u\000n\000d\000\040\000I\000n\000s\000p\000e\000k\000t\000i\000o\000n}{section.5}% 16
\BOOKMARK [1][-]{section.6}{\376\377\000H\000e\000r\000a\000u\000s\000f\000o\000r\000d\000e\000r\000u\000n\000g\000e\000n\000\040\000u\000n\000d\000\040\000L\000\366\000s\000u\000n\000g\000s\000a\000n\000s\000\344\000t\000z\000e\000\040\000f\000\374\000r\000\040\000d\000e\000n\000\040\000E\000i\000n\000s\000a\000t\000z\000\040\000v\000o\000n\000\040\000A\000R\000\040\000i\000n\000\040\000d\000e\000r\000\040\000I\000n\000d\000u\000s\000t\000r\000i\000e}{}% 17
\BOOKMARK [1][-]{section.7}{\376\377\000Z\000u\000k\000u\000n\000f\000t\000s\000a\000u\000s\000b\000l\000i\000c\000k\000\040\000u\000n\000d\000\040\000P\000o\000t\000e\000n\000z\000i\000a\000l\000e\000\040\000v\000o\000n\000\040\000A\000R\000\040\000i\000n\000\040\000d\000e\000r\000\040\000I\000n\000d\000u\000s\000t\000r\000i\000e}{}% 18
\BOOKMARK [1][-]{section.8}{\376\377\000F\000a\000z\000i\000t}{}% 19
\BOOKMARK [1][-]{section.9}{\376\377\000L\000i\000t\000e\000r\000a\000t\000u\000r\000v\000e\000r\000z\000e\000i\000c\000h\000n\000i\000s}{}% 20
